{
  "stats": {
    "suites": 1,
    "tests": 4,
    "passes": 4,
    "pending": 0,
    "failures": 0,
    "start": "2020-02-04T16:38:56.994Z",
    "end": "2020-02-04T16:38:59.981Z",
    "duration": 2987,
    "testsRegistered": 4,
    "passPercent": 100,
    "pendingPercent": 0,
    "other": 0,
    "hasOther": false,
    "skipped": 0,
    "hasSkipped": false,
    "passPercentClass": "success",
    "pendingPercentClass": "danger"
  },
  "suites": {
    "uuid": "4dae67ff-3441-4528-a8be-f449c25af60c",
    "title": "",
    "fullFile": "",
    "file": "",
    "beforeHooks": [],
    "afterHooks": [],
    "tests": [],
    "suites": [
      {
        "uuid": "85a09f3a-a693-4443-8da7-3af15cda1919",
        "title": "OMDB Movie List API test",
        "fullFile": "E:\\Kuliah\\Ralali\\ralali-test\\poc-mocha-chai\\api\\test\\movie-list-test.js",
        "file": "\\api\\test\\movie-list-test.js",
        "beforeHooks": [],
        "afterHooks": [],
        "tests": [
          {
            "title": "@get ${testCase.positive.getList}",
            "fullTitle": "OMDB Movie List API test @get ${testCase.positive.getList}",
            "timedOut": false,
            "duration": 2476,
            "state": "passed",
            "speed": "slow",
            "pass": true,
            "fail": false,
            "pending": false,
            "code": "const response = await page.getMovieList(apiKey, keySearch);\nassert(response.status).to.equal(200);",
            "err": {},
            "isRoot": false,
            "uuid": "dba88a16-b2ee-4a48-9590-882c3e29f9cf",
            "isHook": false,
            "skipped": false
          },
          {
            "title": "@get ${testCase.positive.resetSearch}",
            "fullTitle": "OMDB Movie List API test @get ${testCase.positive.resetSearch}",
            "timedOut": false,
            "duration": 136,
            "state": "passed",
            "speed": "slow",
            "pass": true,
            "fail": false,
            "pending": false,
            "code": "const response = await page.getMovieList(apiKey, keySearch);\nassert(response.status).to.equal(200);",
            "err": {},
            "isRoot": false,
            "uuid": "96261a28-fa56-46be-898a-23939ec37c27",
            "isHook": false,
            "skipped": false
          },
          {
            "title": "@get ${testCase.negative.noSearch}",
            "fullTitle": "OMDB Movie List API test @get ${testCase.negative.noSearch}",
            "timedOut": false,
            "duration": 134,
            "state": "passed",
            "speed": "slow",
            "pass": true,
            "fail": false,
            "pending": false,
            "code": "const response = await page.getMovieList(apiKey, '');\nassert(response.status).to.equal(200, response.body.Error);\nassert(response.body.Response).to.equal('False');\nassert(response.body.Error).to.equal('Something went wrong.');",
            "err": {},
            "isRoot": false,
            "uuid": "36cb0dd0-58ec-46c9-8711-d937e55f7252",
            "isHook": false,
            "skipped": false
          },
          {
            "title": "@get ${testCase.negative.invalidApiKey}",
            "fullTitle": "OMDB Movie List API test @get ${testCase.negative.invalidApiKey}",
            "timedOut": false,
            "duration": 139,
            "state": "passed",
            "speed": "slow",
            "pass": true,
            "fail": false,
            "pending": false,
            "code": "const response = await page.getMovieList(invalidApiKey, keySearch);\nassert(response.status).to.equal(401, response.body.Error);\nassert(response.body.Response).to.equal('False');\nassert(response.body.Error).to.equal('Invalid API key!');",
            "err": {},
            "isRoot": false,
            "uuid": "9eb2df18-78f5-4a35-b30b-c23292df6851",
            "isHook": false,
            "skipped": false
          }
        ],
        "suites": [],
        "passes": [
          "dba88a16-b2ee-4a48-9590-882c3e29f9cf",
          "96261a28-fa56-46be-898a-23939ec37c27",
          "36cb0dd0-58ec-46c9-8711-d937e55f7252",
          "9eb2df18-78f5-4a35-b30b-c23292df6851"
        ],
        "failures": [],
        "pending": [],
        "skipped": [],
        "duration": 2885,
        "root": false,
        "rootEmpty": false,
        "_timeout": 180000
      }
    ],
    "passes": [],
    "failures": [],
    "pending": [],
    "skipped": [],
    "duration": 0,
    "root": true,
    "rootEmpty": true,
    "_timeout": 180000
  },
  "copyrightYear": 2020
}